00:00:00.004424 main     VirtualBox COM Server 6.1.18 r142142 win.amd64 (Jan  7 2021 15:32:19) release log
00:00:00.004428 main     Log opened 2021-11-11T07:44:43.015424100Z
00:00:00.004428 main     Build Type: release
00:00:00.004432 main     OS Product: Windows 10
00:00:00.004433 main     OS Release: 10.0.19042
00:00:00.004433 main     OS Service Pack: 
00:00:00.019254 main     DMI Product Name: ROG Strix G712LW_G712LW
00:00:00.029711 main     DMI Product Version: 1.0       
00:00:00.029720 main     Firmware type: UEFI
00:00:00.029948 main     Secure Boot: VERR_PRIVILEGE_NOT_HELD
00:00:00.029963 main     Host RAM: 16169MB (15.7GB) total, 4654MB (4.5GB) available
00:00:00.029967 main     Executable: C:\Program Files\Oracle\VirtualBox\VBoxSVC.exe
00:00:00.029967 main     Process ID: 6584
00:00:00.029968 main     Package type: WINDOWS_64BITS_GENERIC
00:00:00.092516          VirtualBox: object creation starts
00:00:00.094120          Home directory: 'C:\Users\carli\.VirtualBox'
00:00:00.094603          Installed Drivers:
00:00:00.099988            C:\WINDOWS\system32\DRIVERS\VBoxNetLwf.sys (Version: 6.1.18.42142)
00:00:00.102459            C:\WINDOWS\system32\DRIVERS\VBoxUSBMon.sys (Version: 6.1.18.42142)
00:00:00.103912            C:\WINDOWS\system32\DRIVERS\VBoxDrv.sys (Version: 6.1.18.42142)
00:00:00.106289            C:\WINDOWS\system32\DRIVERS\VBoxNetAdp6.sys (Version: 6.1.18.42142)
00:00:00.121903          Loading settings file "C:\Users\carli\.VirtualBox\VirtualBox.xml" with version "1.12-windows"
00:00:00.134984          usbLibGetDevices: Starting USB device enumeration
00:00:00.137701          Getting USB descriptor (id 0) failed (dwErr=31) on hub USB#ROOT_HUB30#4&77e38e6&0&0#{f18a0e88-c30c-11d0-8815-00a0c906bed8} port 8
00:00:00.137766          Getting USB descriptor (id 0) failed (dwErr=31) on hub USB#ROOT_HUB30#4&77e38e6&0&0#{f18a0e88-c30c-11d0-8815-00a0c906bed8} port 14
00:00:00.161718          usbLibGetDevices: Found 4 USB devices, 0 captured
00:00:00.163292          USB: Unknown USB device detected (idVendor: 0x0b05, idProduct: 0x1866)
00:00:00.164111          USB: Unknown USB device detected (idVendor: 0x30fa, idProduct: 0x0400)
00:00:00.164260          USB: Unknown USB device detected (idVendor: 0x8087, idProduct: 0x0026)
00:00:00.271537          netIfIsWireless: CreateFile on '\\.\{58073E6F-A7D5-4527-AA66-DBEA03C07B98}' failed with rcWin=2 (0x2) - ignoring
00:00:00.276784          HostDnsMonitor: initializing
00:00:00.283560          HostDnsMonitor: updating information
00:00:00.284604          HostDnsMonitor: old information
00:00:00.284606            no server entries
00:00:00.284607            no domain set
00:00:00.284608            no search string entries
00:00:00.284608          HostDnsMonitor: new information
00:00:00.284608            server 1: 192.168.88.1
00:00:00.284609            server 2: 8.8.8.8
00:00:00.284610            server 3: 8.8.4.4
00:00:00.284610            no domain set
00:00:00.284610            no search string entries
00:00:00.349009          VD: VDInit finished with VINF_SUCCESS
00:00:00.361511          Loading settings file "C:\Users\carli\VirtualBox VMs\ubuntu\ubuntu.vbox" with version "1.16-windows"
00:00:00.367293          VirtualBox: object created
00:00:03.586116          Saving settings file "C:\Users\carli\.VirtualBox\VirtualBox.xml" with version "1.12-windows"
00:00:03.597679          Saving settings file "C:\Users\carli\.VirtualBox\VirtualBox.xml" with version "1.12-windows"
00:00:04.425570          Launched VM: 70546912 pid: 2276 (0x8e4) frontend: GUI/Qt name: ubuntu
00:00:08.840363          ERROR [COM]: aRC=VBOX_E_OBJECT_NOT_FOUND (0x80bb0001) aIID={70401eef-c8e9-466b-9660-45cb3e9979e4} aComponent={ExtPackManagerWrap} aText={No extension pack by the name 'Oracle VM VirtualBox Extension Pack' was found}, preserve=false aResultDetail=0
00:00:09.059474          ERROR [COM]: aRC=VBOX_E_IPRT_ERROR (0x80bb0005) aIID={85632c68-b5bb-4316-a900-5eb28d3413df} aComponent={SessionMachine} aText={Saved screenshot data is not available (VERR_NOT_SUPPORTED)}, preserve=false aResultDetail=-37
00:00:09.474445          netIfIsWireless: CreateFile on '\\.\{58073E6F-A7D5-4527-AA66-DBEA03C07B98}' failed with rcWin=2 (0x2) - ignoring
00:12:29.755066 USBPROXY usbLibGetDevices: Starting USB device enumeration
00:12:29.757081 USBPROXY Getting USB descriptor (id 0) failed (dwErr=31) on hub USB#ROOT_HUB30#4&77e38e6&0&0#{f18a0e88-c30c-11d0-8815-00a0c906bed8} port 8
00:12:29.757146 USBPROXY Getting USB descriptor (id 0) failed (dwErr=31) on hub USB#ROOT_HUB30#4&77e38e6&0&0#{f18a0e88-c30c-11d0-8815-00a0c906bed8} port 14
00:12:29.771087 USBPROXY usbLibGetDevices: Found 4 USB devices, 0 captured
00:13:06.664979 USBPROXY usbLibGetDevices: Starting USB device enumeration
00:13:06.666889 USBPROXY Getting USB descriptor (id 0) failed (dwErr=31) on hub USB#ROOT_HUB30#4&77e38e6&0&0#{f18a0e88-c30c-11d0-8815-00a0c906bed8} port 8
00:13:06.666957 USBPROXY Getting USB descriptor (id 0) failed (dwErr=31) on hub USB#ROOT_HUB30#4&77e38e6&0&0#{f18a0e88-c30c-11d0-8815-00a0c906bed8} port 14
00:13:06.679566 USBPROXY usbLibGetDevices: Found 4 USB devices, 0 captured
01:21:53.395585 dns-monitor HostDnsMonitor: updating information
01:21:53.397263 dns-monitor HostDnsMonitor: unchanged
01:41:39.431166          Saving settings file "C:\Users\carli\VirtualBox VMs\ubuntu\ubuntu.vbox" with version "1.16-windows"
01:42:52.518658          Saving settings file "C:\Users\carli\.VirtualBox\VirtualBox.xml" with version "1.12-windows"
01:42:52.524545          Saving settings file "C:\Users\carli\.VirtualBox\VirtualBox.xml" with version "1.12-windows"
01:42:58.050010 main     VirtualBox: object deletion starts
01:42:58.050736 main     ERROR [COM]: aRC=VBOX_E_OBJECT_IN_USE (0x80bb000c) aIID={ad47ad09-787b-44ab-b343-a082a3f2dfb1} aComponent={MediumWrap} aText={Medium 'C:\Users\carli\VirtualBox VMs\ubuntu\ubuntu.vdi' cannot be closed because it is still attached to 1 virtual machines}, preserve=false aResultDetail=0
01:42:58.054445 main     HostDnsMonitor: shutting down ...
01:42:58.054743 main     HostDnsMonitor: shut down
01:42:58.057828 Watcher  ERROR [COM]: aRC=E_ACCESSDENIED (0x80070005) aIID={d0a0163f-e254-4e5b-a1f2-011cf991c38d} aComponent={VirtualBoxWrap} aText={The object is not ready}, preserve=false aResultDetail=0
01:42:58.058495 main     VirtualBox: object deleted
